<?xml version="1.0" encoding="UTF-8"?>
<!-- Generated by org.testng.reporters.JUnitXMLReporter -->
<testsuite ignored="1" hostname="DESKTOP-JVT8TRH" failures="0" tests="7" name="Default test" time="2.259" errors="0" timestamp="2024-08-28T08:27:36 PDT">
  <testcase classname="Testings" name="Add" time="0.12"/>
  <testcase classname="Testings" name="Add" time="0.118"/>
  <testcase classname="Testings" name="Add" time="0.172"/>
  <testcase classname="Testings" name="Add" time="0.316"/>
  <testcase classname="Testings" name="Add" time="0.195"/>
  <testcase classname="Testings" name="Update" time="0.009"/>
  <testcase classname="Testings" name="git_data" time="0.144"/>
  <testcase classname="Testings" name="Delete" time="0.0">
    <ignored/>
  </testcase> <!-- Delete -->
</testsuite> <!-- Default test -->
