<?xml version="1.0" encoding="UTF-8"?>
<!-- Generated by org.testng.reporters.JUnitXMLReporter -->
<testsuite ignored="0" hostname="DESKTOP-JVT8TRH" failures="0" tests="4" name="Default test" time="1.495" errors="0" timestamp="2024-08-28T08:19:41 PDT">
  <testcase classname="Testings" name="Add" time="0.12"/>
  <testcase classname="Testings" name="Update" time="0.069"/>
  <testcase classname="Testings" name="git_data" time="0.064"/>
  <testcase classname="Testings" name="Delete" time="0.062"/>
</testsuite> <!-- Default test -->
