<?xml version="1.0" encoding="UTF-8"?>
<testng-results ignored="0" total="4" passed="4" failed="0" skipped="0">
  <reporter-output>
  </reporter-output>
  <suite started-at="2024-08-28T08:19:40 PDT" name="Default suite" finished-at="2024-08-28T08:19:41 PDT" duration-ms="1495">
    <groups>
    </groups>
    <test started-at="2024-08-28T08:19:40 PDT" name="Default test" finished-at="2024-08-28T08:19:41 PDT" duration-ms="1495">
      <class name="Testings">
        <test-method is-config="true" signature="start()[pri:0, instance:Testings@5b239d7d]" started-at="2024-08-28T08:19:40 PDT" name="start" finished-at="2024-08-28T08:19:41 PDT" duration-ms="1103" status="PASS">
          <reporter-output>
          </reporter-output>
        </test-method> <!-- start -->
        <test-method signature="Add()[pri:1, instance:Testings@5b239d7d]" started-at="2024-08-28T08:19:41 PDT" name="Add" finished-at="2024-08-28T08:19:41 PDT" duration-ms="120" status="PASS">
          <reporter-output>
          </reporter-output>
        </test-method> <!-- Add -->
        <test-method signature="Update()[pri:2, instance:Testings@5b239d7d]" started-at="2024-08-28T08:19:41 PDT" name="Update" finished-at="2024-08-28T08:19:41 PDT" duration-ms="69" status="PASS">
          <reporter-output>
          </reporter-output>
        </test-method> <!-- Update -->
        <test-method signature="git_data()[pri:3, instance:Testings@5b239d7d]" started-at="2024-08-28T08:19:41 PDT" name="git_data" finished-at="2024-08-28T08:19:41 PDT" duration-ms="64" status="PASS">
          <reporter-output>
          </reporter-output>
        </test-method> <!-- git_data -->
        <test-method signature="Delete()[pri:4, instance:Testings@5b239d7d]" started-at="2024-08-28T08:19:41 PDT" name="Delete" finished-at="2024-08-28T08:19:41 PDT" duration-ms="62" status="PASS">
          <reporter-output>
          </reporter-output>
        </test-method> <!-- Delete -->
      </class> <!-- Testings -->
    </test> <!-- Default test -->
  </suite> <!-- Default suite -->
</testng-results>
