<?xml version="1.0" encoding="UTF-8"?>
<testng-results ignored="1" total="8" passed="7" failed="0" skipped="0">
  <reporter-output>
  </reporter-output>
  <suite started-at="2024-08-28T08:27:33 PDT" name="Default suite" finished-at="2024-08-28T08:27:36 PDT" duration-ms="2259">
    <groups>
    </groups>
    <test started-at="2024-08-28T08:27:33 PDT" name="Default test" finished-at="2024-08-28T08:27:36 PDT" duration-ms="2259">
      <class name="Testings">
        <test-method is-config="true" signature="start()[pri:0, instance:Testings@5b239d7d]" started-at="2024-08-28T08:27:33 PDT" name="start" finished-at="2024-08-28T08:27:34 PDT" duration-ms="1082" status="PASS">
          <reporter-output>
          </reporter-output>
        </test-method> <!-- start -->
        <test-method signature="Add()[pri:1, instance:Testings@5b239d7d]" started-at="2024-08-28T08:27:34 PDT" name="Add" finished-at="2024-08-28T08:27:35 PDT" duration-ms="120" status="PASS">
          <reporter-output>
          </reporter-output>
        </test-method> <!-- Add -->
        <test-method signature="Add()[pri:1, instance:Testings@5b239d7d]" started-at="2024-08-28T08:27:35 PDT" name="Add" finished-at="2024-08-28T08:27:35 PDT" duration-ms="118" status="PASS">
          <reporter-output>
          </reporter-output>
        </test-method> <!-- Add -->
        <test-method signature="Add()[pri:1, instance:Testings@5b239d7d]" started-at="2024-08-28T08:27:35 PDT" name="Add" finished-at="2024-08-28T08:27:35 PDT" duration-ms="172" status="PASS">
          <reporter-output>
          </reporter-output>
        </test-method> <!-- Add -->
        <test-method signature="Add()[pri:1, instance:Testings@5b239d7d]" started-at="2024-08-28T08:27:35 PDT" name="Add" finished-at="2024-08-28T08:27:35 PDT" duration-ms="316" status="PASS">
          <reporter-output>
          </reporter-output>
        </test-method> <!-- Add -->
        <test-method signature="Add()[pri:1, instance:Testings@5b239d7d]" started-at="2024-08-28T08:27:35 PDT" name="Add" finished-at="2024-08-28T08:27:35 PDT" duration-ms="195" status="PASS">
          <reporter-output>
          </reporter-output>
        </test-method> <!-- Add -->
        <test-method signature="Update()[pri:2, instance:Testings@5b239d7d]" started-at="2024-08-28T08:27:35 PDT" name="Update" finished-at="2024-08-28T08:27:35 PDT" duration-ms="9" status="PASS">
          <reporter-output>
          </reporter-output>
        </test-method> <!-- Update -->
        <test-method signature="git_data()[pri:3, instance:Testings@5b239d7d]" started-at="2024-08-28T08:27:35 PDT" name="git_data" finished-at="2024-08-28T08:27:36 PDT" duration-ms="144" status="PASS">
          <reporter-output>
          </reporter-output>
        </test-method> <!-- git_data -->
      </class> <!-- Testings -->
    </test> <!-- Default test -->
  </suite> <!-- Default suite -->
</testng-results>
